\BOOKMARK [0][-]{chapter.1}{\376\377\0001\000\040\000o\000b\000j\000e\000k\000t\000i\000n\000i\000s\000P\000r\000o\000g\0002}{}% 1
\BOOKMARK [1][-]{section.1.1}{\376\377\0001\000.\0001\000\040\000P\000r\000o\000g\000r\000a\000m\001\163\000\040\000s\000p\000a\000r\000t\000o\000s\000\040\000p\000a\000l\000y\000g\000i\000n\000i\000m\000a\000s\000\040\000s\000t\000r\000u\000c\000t\000\040\000v\000s\000.\000\040\000c\000l\000a\000s\000s}{chapter.1}% 2
\BOOKMARK [2][-]{subsection.1.1.1}{\376\377\0001\000.\0001\000.\0001\000\040\000T\000e\000s\000t\000a\000v\000i\000m\000o\000\040\000m\000e\000t\000o\000d\000i\000k\000a}{section.1.1}% 3
\BOOKMARK [2][-]{subsection.1.1.2}{\376\377\0001\000.\0001\000.\0002\000\040\000R\000e\000z\000u\000l\000t\000a\000t\000a\000i}{section.1.1}% 4
\BOOKMARK [3][-]{subsubsection.1.1.2.1}{\376\377\0001\000.\0001\000.\0002\000.\0001\000\040\000S\000t\000r\000u\000k\000t\001\153\000r\000o\000s\000\040\000\050\000s\000t\000r\000u\000c\000t\000\051\000\040\000r\000e\000z\000u\000l\000t\000a\000t\000a\000i}{subsection.1.1.2}% 5
\BOOKMARK [3][-]{subsubsection.1.1.2.2}{\376\377\0001\000.\0001\000.\0002\000.\0002\000\040\000K\000l\000a\000s\001\027\000s\000\040\000\050\000c\000l\000a\000s\000s\000\051\000\040\000r\000e\000z\000u\000l\000t\000a\000t\000a\000i}{subsection.1.1.2}% 6
\BOOKMARK [2][-]{subsection.1.1.3}{\376\377\0001\000.\0001\000.\0003\000\040\000I\001\141\000v\000a\000d\000o\000s}{section.1.1}% 7
\BOOKMARK [1][-]{section.1.2}{\376\377\0001\000.\0002\000\040\000P\000r\000o\000g\000r\000a\000m\000o\000s\000\040\000s\000p\000a\000r\000t\000o\000s\000\040\000a\000n\000a\000l\000i\000z\001\027\000\040\000s\000u\000\040\000O\0001\000,\000\040\000O\0002\000,\000\040\000O\0003\000\040\000f\000l\000a\000g\000\047\000a\000i\000s}{chapter.1}% 8
\BOOKMARK [2][-]{subsection.1.2.1}{\376\377\0001\000.\0002\000.\0001\000\040\000T\000e\000s\000t\000a\000v\000i\000m\000o\000\040\000m\000e\000t\000o\000d\000i\000k\000a}{section.1.2}% 9
\BOOKMARK [2][-]{subsection.1.2.2}{\376\377\0001\000.\0002\000.\0002\000\040\000R\000e\000z\000u\000l\000t\000a\000t\000a\000i}{section.1.2}% 10
\BOOKMARK [3][-]{subsubsection.1.2.2.1}{\376\377\0001\000.\0002\000.\0002\000.\0001\000\040\000.\000e\000x\000e\000\040\000f\000a\000i\000l\001\163\000\040\000d\000y\000d\001\176\000i\000a\000i}{subsection.1.2.2}% 11
\BOOKMARK [2][-]{subsection.1.2.3}{\376\377\0001\000.\0002\000.\0003\000\040\000A\000n\000a\000l\000i\000z\001\027}{section.1.2}% 12
\BOOKMARK [2][-]{subsection.1.2.4}{\376\377\0001\000.\0002\000.\0004\000\040\000I\001\141\000v\000a\000d\000o\000s}{section.1.2}% 13
\BOOKMARK [1][-]{section.1.3}{\376\377\0001\000.\0003\000\040\000o\000b\000j\000e\000k\000t\000i\000n\000i\000s\000P\000r\000o\000g}{chapter.1}% 14
\BOOKMARK [1][-]{section.1.4}{\376\377\0001\000.\0004\000\040\000R\000U\000L\000E\000\040\000O\000F\000\040\0005\000\040\000I\000R\000\040\000I\000O\000\040\000o\000p\000e\000r\000a\000t\000o\000r\000i\000a\000i}{chapter.1}% 15
\BOOKMARK [2][-]{subsection.1.4.1}{\376\377\0001\000.\0004\000.\0001\000\040\000U\001\176\000d\000a\000v\000i\000n\000i\000o\000\040\000p\000a\000a\000i\001\141\000k\000i\000n\000i\000m\000a\000s}{section.1.4}% 16
\BOOKMARK [2][-]{subsection.1.4.2}{\376\377\0001\000.\0004\000.\0002\000\040\001\056\000v\000e\000s\000t\000i\000e\000s\000\040\000g\000a\000l\000i\000m\000y\000b\001\027\000s}{section.1.4}% 17
\BOOKMARK [2][-]{subsection.1.4.3}{\376\377\0001\000.\0004\000.\0003\000\040\000I\001\141\000v\000e\000s\000t\000i\000e\000s\000\040\000g\000a\000l\000i\000m\000y\000b\001\027\000s}{section.1.4}% 18
\BOOKMARK [2][-]{subsection.1.4.4}{\376\377\0001\000.\0004\000.\0004\000\040\000T\000e\000s\000t\000a\000v\000i\000m\000o\000\040\000i\000n\000f\000o\000r\000m\000a\000c\000i\000j\000a}{section.1.4}% 19
\BOOKMARK [2][-]{subsection.1.4.5}{\376\377\0001\000.\0004\000.\0005\000\040\000E\000k\000r\000a\000n\000o\000\040\000v\000a\000i\000z\000d\000a\000i}{section.1.4}% 20
\BOOKMARK [3][-]{subsubsection.1.4.5.1}{\376\377\0001\000.\0004\000.\0005\000.\0001\000\040\000P\000r\000o\000g\000r\000a\000m\000o\000s\000\040\000p\000a\000l\000e\000i\000d\000i\000m\000a\000s}{subsection.1.4.5}% 21
\BOOKMARK [3][-]{subsubsection.1.4.5.2}{\376\377\0001\000.\0004\000.\0005\000.\0002\000\040\000R\000u\000l\000e\000\040\000o\000f\000\040\000F\000i\000v\000e\000\040\000t\000e\000s\000t\000a\000v\000i\000m\000a\000s}{subsection.1.4.5}% 22
\BOOKMARK [3][-]{subsubsection.1.4.5.3}{\376\377\0001\000.\0004\000.\0005\000.\0003\000\040\001\056\000v\000e\000s\000t\000i\000e\000s\000\040\000i\000r\000\040\000i\001\141\000v\000e\000s\000t\000i\000e\000s\000\040\000o\000p\000e\000r\000a\000t\000o\000r\000i\001\163\000\040\000t\000e\000s\000t\000a\000v\000i\000m\000a\000s}{subsection.1.4.5}% 23
\BOOKMARK [3][-]{subsubsection.1.4.5.4}{\376\377\0001\000.\0004\000.\0005\000.\0004\000\040\000I\001\141\000v\000e\000d\000i\000m\000a\000s\000\040\001\057\000\040\000e\000k\000r\000a\000n\001\005\000\040\000i\000r\000\040\000f\000a\000i\000l\001\005}{subsection.1.4.5}% 24
\BOOKMARK [3][-]{subsubsection.1.4.5.5}{\376\377\0001\000.\0004\000.\0005\000.\0005\000\040\000D\000e\000s\000t\000r\000u\000k\000t\000o\000r\000i\000a\000u\000s\000\040\000k\000v\000i\000e\000t\000i\000m\000a\000i}{subsection.1.4.5}% 25
\BOOKMARK [2][-]{subsection.1.4.6}{\376\377\0001\000.\0004\000.\0006\000\040\000F\000a\000i\000l\000a\000i}{section.1.4}% 26
\BOOKMARK [1][-]{section.1.5}{\376\377\0001\000.\0005\000\040\000B\000A\000Z\000I\000N\001\026\000\040\000I\000R\000\040\000I\001\140\000V\000E\000S\000T\000I\000N\001\026\000\040\000k\000l\000a\000s\001\027\000s}{chapter.1}% 27
\BOOKMARK [2][-]{subsection.1.5.1}{\376\377\0001\000.\0005\000.\0001\000\040\000V\000e\000r\000s\000i\000j\000o\000s\000\040\000s\000a\000n\000t\000r\000a\000u\000k\000a}{section.1.5}% 28
\BOOKMARK [2][-]{subsection.1.5.2}{\376\377\0001\000.\0005\000.\0002\000\040\000K\000l\000a\000s\001\027\000s\000\040\000s\000t\000r\000u\000k\000t\001\153\000r\000a}{section.1.5}% 29
\BOOKMARK [3][-]{subsubsection.1.5.2.1}{\376\377\0001\000.\0005\000.\0002\000.\0001\000\040\000Z\000m\000o\000g\000u\000s\000\040\000\050\000a\000b\000s\000t\000r\000a\000k\000t\000i\000\040\000k\000l\000a\000s\001\027\000\051}{subsection.1.5.2}% 30
\BOOKMARK [3][-]{subsubsection.1.5.2.2}{\376\377\0001\000.\0005\000.\0002\000.\0002\000\040\000S\000t\000u\000d\000e\000n\000t\000a\000s\000\040\000:\000\040\000p\000u\000b\000l\000i\000c\000\040\000Z\000m\000o\000g\000u\000s}{subsection.1.5.2}% 31
\BOOKMARK [2][-]{subsection.1.5.3}{\376\377\0001\000.\0005\000.\0003\000\040\000T\000e\000s\000t\000a\000v\000i\000m\000o\000\040\000s\000a\000n\000t\000r\000a\000u\000k\000a}{section.1.5}% 32
\BOOKMARK [2][-]{subsection.1.5.4}{\376\377\0001\000.\0005\000.\0004\000\040\000E\000k\000r\000a\000n\000o\000\040\000v\000a\000i\000z\000d\000a\000i}{section.1.5}% 33
\BOOKMARK [3][-]{subsubsection.1.5.4.1}{\376\377\0001\000.\0005\000.\0004\000.\0001\000\040\000P\000r\000o\000g\000r\000a\000m\000o\000s\000\040\000p\000a\000l\000e\000i\000d\000i\000m\000a\000s}{subsection.1.5.4}% 34
\BOOKMARK [3][-]{subsubsection.1.5.4.2}{\376\377\0001\000.\0005\000.\0004\000.\0002\000\040\000R\000u\000l\000e\000\040\000o\000f\000\040\000F\000i\000v\000e\000\040\000t\000e\000s\000t\000a\000v\000i\000m\000a\000s}{subsection.1.5.4}% 35
\BOOKMARK [3][-]{subsubsection.1.5.4.3}{\376\377\0001\000.\0005\000.\0004\000.\0003\000\040\001\056\000v\000e\000s\000t\000i\000e\000s\000\040\000/\000\040\000i\001\141\000v\000e\000s\000t\000i\000e\000s\000\040\000o\000p\000e\000r\000a\000t\000o\000r\000i\000a\000i}{subsection.1.5.4}% 36
\BOOKMARK [3][-]{subsubsection.1.5.4.4}{\376\377\0001\000.\0005\000.\0004\000.\0004\000\040\000I\001\141\000v\000e\000d\000i\000m\000a\000s\000\040\001\057\000\040\000e\000k\000r\000a\000n\001\005\000\040\000i\000r\000\040\000f\000a\000i\000l\001\005}{subsection.1.5.4}% 37
\BOOKMARK [3][-]{subsubsection.1.5.4.5}{\376\377\0001\000.\0005\000.\0004\000.\0005\000\040\000D\000e\000s\000t\000r\000u\000k\000t\000o\000r\000i\000a\000u\000s\000\040\000k\000v\000i\000e\000t\000i\000m\000a\000i}{subsection.1.5.4}% 38
\BOOKMARK [0][-]{chapter.2}{\376\377\0002\000\040\000H\000i\000e\000r\000a\000r\000c\000h\000i\000j\000o\000s\000\040\000I\000n\000d\000e\000k\000s\000a\000s}{}% 39
\BOOKMARK [1][-]{section.2.1}{\376\377\0002\000.\0001\000\040\000K\000l\000a\000s\000i\001\163\000\040\000h\000i\000e\000r\000a\000r\000c\000h\000i\000j\000a}{chapter.2}% 40
\BOOKMARK [0][-]{chapter.3}{\376\377\0003\000\040\000K\000l\000a\000s\001\027\000s\000\040\000I\000n\000d\000e\000k\000s\000a\000s}{}% 41
\BOOKMARK [1][-]{section.3.1}{\376\377\0003\000.\0001\000\040\000K\000l\000a\000s\001\027\000s}{chapter.3}% 42
\BOOKMARK [0][-]{chapter.4}{\376\377\0004\000\040\000F\000a\000i\000l\000o\000\040\000I\000n\000d\000e\000k\000s\000a\000s}{}% 43
\BOOKMARK [1][-]{section.4.1}{\376\377\0004\000.\0001\000\040\000F\000a\000i\000l\000a\000i}{chapter.4}% 44
\BOOKMARK [0][-]{chapter.5}{\376\377\0005\000\040\000K\000l\000a\000s\001\027\000s\000\040\000D\000o\000k\000u\000m\000e\000n\000t\000a\000c\000i\000j\000a}{}% 45
\BOOKMARK [1][-]{section.5.1}{\376\377\0005\000.\0001\000\040\000L\000a\000i\000k\000o\000M\000a\000t\000a\000v\000i\000m\000a\000s\000\040\000K\000l\000a\000s\001\027}{chapter.5}% 46
\BOOKMARK [2][-]{subsection.5.1.1}{\376\377\0005\000.\0001\000.\0001\000\040\000K\000o\000n\000s\000t\000r\000u\000k\000t\000o\000r\000i\000a\000u\000s\000\040\000i\000r\000\040\000D\000e\000s\000t\000r\000u\000k\000t\000o\000r\000i\000a\000u\000s\000\040\000D\000o\000k\000u\000m\000e\000n\000t\000a\000c\000i\000j\000a}{section.5.1}% 47
\BOOKMARK [3][-]{subsubsection.5.1.1.1}{\376\377\0005\000.\0001\000.\0001\000.\0001\000\040\000L\000a\000i\000k\000o\000M\000a\000t\000a\000v\000i\000m\000a\000s\000\050\000\051}{subsection.5.1.1}% 48
\BOOKMARK [2][-]{subsection.5.1.2}{\376\377\0005\000.\0001\000.\0002\000\040\000M\000e\000t\000o\000d\001\163\000\040\000D\000o\000k\000u\000m\000e\000n\000t\000a\000c\000i\000j\000a}{section.5.1}% 49
\BOOKMARK [3][-]{subsubsection.5.1.2.1}{\376\377\0005\000.\0001\000.\0002\000.\0001\000\040\000b\000a\000i\000g\000t\000i\000\050\000\051}{subsection.5.1.2}% 50
\BOOKMARK [3][-]{subsubsection.5.1.2.2}{\376\377\0005\000.\0001\000.\0002\000.\0002\000\040\000g\000a\000u\000t\000i\000L\000a\000i\000k\000o\000S\000k\000i\000r\000t\000u\000m\000a\000\050\000\051}{subsection.5.1.2}% 51
\BOOKMARK [3][-]{subsubsection.5.1.2.3}{\376\377\0005\000.\0001\000.\0002\000.\0003\000\040\000p\000r\000a\000d\000e\000t\000i\000\050\000\051}{subsection.5.1.2}% 52
\BOOKMARK [1][-]{section.5.2}{\376\377\0005\000.\0002\000\040\000S\000t\000u\000d\000e\000n\000t\000a\000s\000\040\000K\000l\000a\000s\001\027}{chapter.5}% 53
\BOOKMARK [2][-]{subsection.5.2.1}{\376\377\0005\000.\0002\000.\0001\000\040\000K\000o\000n\000s\000t\000r\000u\000k\000t\000o\000r\000i\000a\000u\000s\000\040\000i\000r\000\040\000D\000e\000s\000t\000r\000u\000k\000t\000o\000r\000i\000a\000u\000s\000\040\000D\000o\000k\000u\000m\000e\000n\000t\000a\000c\000i\000j\000a}{section.5.2}% 54
\BOOKMARK [3][-]{subsubsection.5.2.1.1}{\376\377\0005\000.\0002\000.\0001\000.\0001\000\040\000S\000t\000u\000d\000e\000n\000t\000a\000s\000\050\000\051\000\040\000[\0001\000/\0004\000]}{subsection.5.2.1}% 55
\BOOKMARK [3][-]{subsubsection.5.2.1.2}{\376\377\0005\000.\0002\000.\0001\000.\0002\000\040\000S\000t\000u\000d\000e\000n\000t\000a\000s\000\050\000\051\000\040\000[\0002\000/\0004\000]}{subsection.5.2.1}% 56
\BOOKMARK [3][-]{subsubsection.5.2.1.3}{\376\377\0005\000.\0002\000.\0001\000.\0003\000\040\000S\000t\000u\000d\000e\000n\000t\000a\000s\000\050\000\051\000\040\000[\0003\000/\0004\000]}{subsection.5.2.1}% 57
\BOOKMARK [3][-]{subsubsection.5.2.1.4}{\376\377\0005\000.\0002\000.\0001\000.\0004\000\040\000S\000t\000u\000d\000e\000n\000t\000a\000s\000\050\000\051\000\040\000[\0004\000/\0004\000]}{subsection.5.2.1}% 58
\BOOKMARK [3][-]{subsubsection.5.2.1.5}{\376\377\0005\000.\0002\000.\0001\000.\0005\000\040\000~\000S\000t\000u\000d\000e\000n\000t\000a\000s\000\050\000\051}{subsection.5.2.1}% 59
\BOOKMARK [2][-]{subsection.5.2.2}{\376\377\0005\000.\0002\000.\0002\000\040\000M\000e\000t\000o\000d\001\163\000\040\000D\000o\000k\000u\000m\000e\000n\000t\000a\000c\000i\000j\000a}{section.5.2}% 60
\BOOKMARK [3][-]{subsubsection.5.2.2.1}{\376\377\0005\000.\0002\000.\0002\000.\0001\000\040\000e\000g\000z\000a\000m\000i\000n\000a\000s\000\050\000\051}{subsection.5.2.2}% 61
\BOOKMARK [3][-]{subsubsection.5.2.2.2}{\376\377\0005\000.\0002\000.\0002\000.\0002\000\040\000g\000a\000l\000B\000a\000l\000a\000s\000\050\000\051}{subsection.5.2.2}% 62
\BOOKMARK [3][-]{subsubsection.5.2.2.3}{\376\377\0005\000.\0002\000.\0002\000.\0003\000\040\000g\000a\000l\000u\000t\000i\000n\000i\000s\000B\000a\000l\000s\000a\000s\000\050\000\051}{subsection.5.2.2}% 63
\BOOKMARK [3][-]{subsubsection.5.2.2.4}{\376\377\0005\000.\0002\000.\0002\000.\0004\000\040\000n\000d\000\050\000\051}{subsection.5.2.2}% 64
\BOOKMARK [3][-]{subsubsection.5.2.2.5}{\376\377\0005\000.\0002\000.\0002\000.\0005\000\040\000n\000u\000s\000k\000a\000i\000t\000y\000m\000a\000s\000F\000i\000l\000e\000\050\000\051}{subsection.5.2.2}% 65
\BOOKMARK [3][-]{subsubsection.5.2.2.6}{\376\377\0005\000.\0002\000.\0002\000.\0006\000\040\000o\000p\000e\000r\000a\000t\000o\000r\000=\000\050\000\051\000\040\000[\0001\000/\0002\000]}{subsection.5.2.2}% 66
\BOOKMARK [3][-]{subsubsection.5.2.2.7}{\376\377\0005\000.\0002\000.\0002\000.\0007\000\040\000o\000p\000e\000r\000a\000t\000o\000r\000=\000\050\000\051\000\040\000[\0002\000/\0002\000]}{subsection.5.2.2}% 67
\BOOKMARK [3][-]{subsubsection.5.2.2.8}{\376\377\0005\000.\0002\000.\0002\000.\0008\000\040\000p\000a\000v\000a\000r\000d\000e\000\050\000\051}{subsection.5.2.2}% 68
\BOOKMARK [3][-]{subsubsection.5.2.2.9}{\376\377\0005\000.\0002\000.\0002\000.\0009\000\040\000r\000e\000a\000d\000S\000t\000u\000d\000e\000n\000t\000\050\000\051}{subsection.5.2.2}% 69
\BOOKMARK [3][-]{subsubsection.5.2.2.10}{\376\377\0005\000.\0002\000.\0002\000.\0001\0000\000\040\000r\000u\000s\000i\000u\000o\000t\000i\000S\000t\000u\000d\000\050\000\051}{subsection.5.2.2}% 70
\BOOKMARK [3][-]{subsubsection.5.2.2.11}{\376\377\0005\000.\0002\000.\0002\000.\0001\0001\000\040\000s\000e\000t\000E\000g\000z\000a\000m\000i\000n\000a\000s\000\050\000\051}{subsection.5.2.2}% 71
\BOOKMARK [3][-]{subsubsection.5.2.2.12}{\376\377\0005\000.\0002\000.\0002\000.\0001\0002\000\040\000s\000e\000t\000N\000a\000m\000u\000d\000a\000r\000b\000a\000i\000\050\000\051}{subsection.5.2.2}% 72
\BOOKMARK [3][-]{subsubsection.5.2.2.13}{\376\377\0005\000.\0002\000.\0002\000.\0001\0003\000\040\000s\000e\000t\000P\000a\000v\000a\000r\000d\000e\000\050\000\051}{subsection.5.2.2}% 73
\BOOKMARK [3][-]{subsubsection.5.2.2.14}{\376\377\0005\000.\0002\000.\0002\000.\0001\0004\000\040\000s\000e\000t\000V\000a\000r\000d\000a\000s\000\050\000\051}{subsection.5.2.2}% 74
\BOOKMARK [3][-]{subsubsection.5.2.2.15}{\376\377\0005\000.\0002\000.\0002\000.\0001\0005\000\040\000s\000p\000a\000u\000s\000d\000i\000n\000t\000i\000R\000e\000z\000\050\000\051}{subsection.5.2.2}% 75
\BOOKMARK [3][-]{subsubsection.5.2.2.16}{\376\377\0005\000.\0002\000.\0002\000.\0001\0006\000\040\000v\000a\000r\000d\000a\000s\000\050\000\051}{subsection.5.2.2}% 76
\BOOKMARK [2][-]{subsection.5.2.3}{\376\377\0005\000.\0002\000.\0003\000\040\000D\000r\000a\000u\000g\000i\001\141\000k\001\163\000\040\000I\000r\000\040\000S\000u\000s\000i\000j\000u\000s\000i\001\163\000\040\000F\000u\000n\000k\000c\000i\000j\001\163\000\040\000D\000o\000k\000u\000m\000e\000n\000t\000a\000c\000i\000j\000a}{section.5.2}% 77
\BOOKMARK [3][-]{subsubsection.5.2.3.1}{\376\377\0005\000.\0002\000.\0003\000.\0001\000\040\000o\000p\000e\000r\000a\000t\000o\000r\000<\000<}{subsection.5.2.3}% 78
\BOOKMARK [3][-]{subsubsection.5.2.3.2}{\376\377\0005\000.\0002\000.\0003\000.\0002\000\040\000o\000p\000e\000r\000a\000t\000o\000r\000>\000>}{subsection.5.2.3}% 79
\BOOKMARK [2][-]{subsection.5.2.4}{\376\377\0005\000.\0002\000.\0004\000\040\000A\000t\000r\000i\000b\000u\000t\001\163\000\040\000D\000o\000k\000u\000m\000e\000n\000t\000a\000c\000i\000j\000a}{section.5.2}% 80
\BOOKMARK [3][-]{subsubsection.5.2.4.1}{\376\377\0005\000.\0002\000.\0004\000.\0001\000\040\000d\000e\000s\000t\000r\000u\000k\000t\000o\000r\000i\000u\000S\000k}{subsection.5.2.4}% 81
\BOOKMARK [1][-]{section.5.3}{\376\377\0005\000.\0003\000\040\000s\000t\000u\000d\000e\000n\000t\000a\000s\000<\000\040\000T\000\040\000>\000\040\000S\000t\000r\000u\000k\000t\001\153\000r\000a\000\040\001\140\000a\000b\000l\000o\000n\000a\000s}{chapter.5}% 82
\BOOKMARK [2][-]{subsection.5.3.1}{\376\377\0005\000.\0003\000.\0001\000\040\000T\000i\000p\000o\000\040\000A\000p\000r\000a\001\141\000y\000m\000o\000\040\000D\000o\000k\000u\000m\000e\000n\000t\000a\000c\000i\000j\000a}{section.5.3}% 83
\BOOKMARK [3][-]{subsubsection.5.3.1.1}{\376\377\0005\000.\0003\000.\0001\000.\0001\000\040\000n\000d\000\137\000t\000y\000p\000e}{subsection.5.3.1}% 84
\BOOKMARK [2][-]{subsection.5.3.2}{\376\377\0005\000.\0003\000.\0002\000\040\000A\000t\000r\000i\000b\000u\000t\001\163\000\040\000D\000o\000k\000u\000m\000e\000n\000t\000a\000c\000i\000j\000a}{section.5.3}% 85
\BOOKMARK [3][-]{subsubsection.5.3.2.1}{\376\377\0005\000.\0003\000.\0002\000.\0001\000\040\000e\000g\000z}{subsection.5.3.2}% 86
\BOOKMARK [3][-]{subsubsection.5.3.2.2}{\376\377\0005\000.\0003\000.\0002\000.\0002\000\040\000G\000a\000l}{subsection.5.3.2}% 87
\BOOKMARK [3][-]{subsubsection.5.3.2.3}{\376\377\0005\000.\0003\000.\0002\000.\0003\000\040\000n\000d}{subsection.5.3.2}% 88
\BOOKMARK [3][-]{subsubsection.5.3.2.4}{\376\377\0005\000.\0003\000.\0002\000.\0004\000\040\000P\000a\000v}{subsection.5.3.2}% 89
\BOOKMARK [3][-]{subsubsection.5.3.2.5}{\376\377\0005\000.\0003\000.\0002\000.\0005\000\040\000V\000a\000r\000d}{subsection.5.3.2}% 90
\BOOKMARK [1][-]{section.5.4}{\376\377\0005\000.\0004\000\040\000Z\000m\000o\000g\000u\000s\000\040\000K\000l\000a\000s\001\027}{chapter.5}% 91
\BOOKMARK [2][-]{subsection.5.4.1}{\376\377\0005\000.\0004\000.\0001\000\040\000K\000o\000n\000s\000t\000r\000u\000k\000t\000o\000r\000i\000a\000u\000s\000\040\000i\000r\000\040\000D\000e\000s\000t\000r\000u\000k\000t\000o\000r\000i\000a\000u\000s\000\040\000D\000o\000k\000u\000m\000e\000n\000t\000a\000c\000i\000j\000a}{section.5.4}% 92
\BOOKMARK [3][-]{subsubsection.5.4.1.1}{\376\377\0005\000.\0004\000.\0001\000.\0001\000\040\000Z\000m\000o\000g\000u\000s\000\050\000\051\000\040\000[\0001\000/\0002\000]}{subsection.5.4.1}% 93
\BOOKMARK [3][-]{subsubsection.5.4.1.2}{\376\377\0005\000.\0004\000.\0001\000.\0002\000\040\000Z\000m\000o\000g\000u\000s\000\050\000\051\000\040\000[\0002\000/\0002\000]}{subsection.5.4.1}% 94
\BOOKMARK [3][-]{subsubsection.5.4.1.3}{\376\377\0005\000.\0004\000.\0001\000.\0003\000\040\000~\000Z\000m\000o\000g\000u\000s\000\050\000\051}{subsection.5.4.1}% 95
\BOOKMARK [2][-]{subsection.5.4.2}{\376\377\0005\000.\0004\000.\0002\000\040\000M\000e\000t\000o\000d\001\163\000\040\000D\000o\000k\000u\000m\000e\000n\000t\000a\000c\000i\000j\000a}{section.5.4}% 96
\BOOKMARK [3][-]{subsubsection.5.4.2.1}{\376\377\0005\000.\0004\000.\0002\000.\0001\000\040\000p\000a\000v\000a\000r\000d\000e\000\050\000\051}{subsection.5.4.2}% 97
\BOOKMARK [3][-]{subsubsection.5.4.2.2}{\376\377\0005\000.\0004\000.\0002\000.\0002\000\040\000s\000e\000t\000P\000a\000v\000a\000r\000d\000e\000\050\000\051}{subsection.5.4.2}% 98
\BOOKMARK [3][-]{subsubsection.5.4.2.3}{\376\377\0005\000.\0004\000.\0002\000.\0003\000\040\000s\000e\000t\000V\000a\000r\000d\000a\000s\000\050\000\051}{subsection.5.4.2}% 99
\BOOKMARK [3][-]{subsubsection.5.4.2.4}{\376\377\0005\000.\0004\000.\0002\000.\0004\000\040\000v\000a\000r\000d\000a\000s\000\050\000\051}{subsection.5.4.2}% 100
\BOOKMARK [2][-]{subsection.5.4.3}{\376\377\0005\000.\0004\000.\0003\000\040\000A\000t\000r\000i\000b\000u\000t\001\163\000\040\000D\000o\000k\000u\000m\000e\000n\000t\000a\000c\000i\000j\000a}{section.5.4}% 101
\BOOKMARK [3][-]{subsubsection.5.4.3.1}{\376\377\0005\000.\0004\000.\0003\000.\0001\000\040\000p\000a\000v\000a\000r\000d\000e\000\137}{subsection.5.4.3}% 102
\BOOKMARK [3][-]{subsubsection.5.4.3.2}{\376\377\0005\000.\0004\000.\0003\000.\0002\000\040\000v\000a\000r\000d\000a\000s\000\137}{subsection.5.4.3}% 103
\BOOKMARK [0][-]{chapter.6}{\376\377\0006\000\040\000F\000a\000i\000l\000o\000\040\000D\000o\000k\000u\000m\000e\000n\000t\000a\000c\000i\000j\000a}{}% 104
\BOOKMARK [1][-]{section.6.1}{\376\377\0006\000.\0001\000\040\000i\000n\000c\000l\000u\000d\000e\000/\000L\000a\000i\000k\000o\000M\000a\000t\000a\000v\000i\000m\000a\000s\000.\000h\000\040\000F\000a\000i\000l\000o\000\040\000N\000u\000o\000r\000o\000d\000a}{chapter.6}% 105
\BOOKMARK [1][-]{section.6.2}{\376\377\0006\000.\0002\000\040\000L\000a\000i\000k\000o\000M\000a\000t\000a\000v\000i\000m\000a\000s\000.\000h}{chapter.6}% 106
\BOOKMARK [1][-]{section.6.3}{\376\377\0006\000.\0003\000\040\000i\000n\000c\000l\000u\000d\000e\000/\000s\000t\000r\000a\000t\000e\000g\000i\000j\000a\0003\000.\000h\000\040\000F\000a\000i\000l\000o\000\040\000N\000u\000o\000r\000o\000d\000a}{chapter.6}% 107
\BOOKMARK [2][-]{subsection.6.3.1}{\376\377\0006\000.\0003\000.\0001\000\040\000F\000u\000n\000k\000c\000i\000j\000o\000s\000\040\000D\000o\000k\000u\000m\000e\000n\000t\000a\000c\000i\000j\000a}{section.6.3}% 108
\BOOKMARK [3][-]{subsubsection.6.3.1.1}{\376\377\0006\000.\0003\000.\0001\000.\0001\000\040\000i\000s\000s\000k\000i\000r\000t\000i\000V\000a\000r\000g\000s\000u\000s\000I\000r\000K\000i\000e\000t\000i\000a\000k\000u\000s\000O\000p\000t\000\050\000\051}{subsection.6.3.1}% 109
\BOOKMARK [3][-]{subsubsection.6.3.1.2}{\376\377\0006\000.\0003\000.\0001\000.\0002\000\040\000s\000p\000a\000u\000s\000d\000i\000n\000t\000i\000K\000i\000e\000t\000i\000a\000k\000u\000s\000I\000r\000V\000a\000r\000g\000s\000i\000u\000s\000\050\000\051}{subsection.6.3.1}% 110
\BOOKMARK [3][-]{subsubsection.6.3.1.3}{\376\377\0006\000.\0003\000.\0001\000.\0003\000\040\000t\000e\000s\000t\000u\000o\000t\000i\000S\000k\000a\000i\000d\000y\000m\000o\000S\000t\000r\000a\000t\000e\000g\000i\000j\000a\0003\000\050\000\051}{subsection.6.3.1}% 111
\BOOKMARK [1][-]{section.6.4}{\376\377\0006\000.\0004\000\040\000s\000t\000r\000a\000t\000e\000g\000i\000j\000a\0003\000.\000h}{chapter.6}% 112
\BOOKMARK [1][-]{section.6.5}{\376\377\0006\000.\0005\000\040\000i\000n\000c\000l\000u\000d\000e\000/\000s\000t\000u\000d\000e\000n\000t\000a\000s\000.\000h\000\040\000F\000a\000i\000l\000o\000\040\000N\000u\000o\000r\000o\000d\000a}{chapter.6}% 113
\BOOKMARK [2][-]{subsection.6.5.1}{\376\377\0006\000.\0005\000.\0001\000\040\000F\000u\000n\000k\000c\000i\000j\000o\000s\000\040\000D\000o\000k\000u\000m\000e\000n\000t\000a\000c\000i\000j\000a}{section.6.5}% 114
\BOOKMARK [3][-]{subsubsection.6.5.1.1}{\376\377\0006\000.\0005\000.\0001\000.\0001\000\040\000g\000e\000n\000e\000r\000u\000o\000t\000i\000G\000a\000l\000m\000e\000d\000\050\000\051}{subsection.6.5.1}% 115
\BOOKMARK [3][-]{subsubsection.6.5.1.2}{\376\377\0006\000.\0005\000.\0001\000.\0002\000\040\000g\000e\000n\000e\000r\000u\000o\000t\000i\000G\000a\000l\000v\000i\000d\000\050\000\051}{subsection.6.5.1}% 116
\BOOKMARK [2][-]{subsection.6.5.2}{\376\377\0006\000.\0005\000.\0002\000\040\000K\000i\000n\000t\000a\000m\000o\000j\000o\000\040\000D\000o\000k\000u\000m\000e\000n\000t\000a\000c\000i\000j\000a}{section.6.5}% 117
\BOOKMARK [3][-]{subsubsection.6.5.2.1}{\376\377\0006\000.\0005\000.\0002\000.\0001\000\040\000b\000u\000f\000f\000e\000r}{subsection.6.5.2}% 118
\BOOKMARK [1][-]{section.6.6}{\376\377\0006\000.\0006\000\040\000s\000t\000u\000d\000e\000n\000t\000a\000s\000.\000h}{chapter.6}% 119
\BOOKMARK [1][-]{section.6.7}{\376\377\0006\000.\0007\000\040\000i\000n\000c\000l\000u\000d\000e\000/\000t\000e\000s\000t\000R\000u\000l\000e\000O\000f\0005\000.\000h\000\040\000F\000a\000i\000l\000o\000\040\000N\000u\000o\000r\000o\000d\000a}{chapter.6}% 120
\BOOKMARK [2][-]{subsection.6.7.1}{\376\377\0006\000.\0007\000.\0001\000\040\000F\000u\000n\000k\000c\000i\000j\000o\000s\000\040\000D\000o\000k\000u\000m\000e\000n\000t\000a\000c\000i\000j\000a}{section.6.7}% 121
\BOOKMARK [3][-]{subsubsection.6.7.1.1}{\376\377\0006\000.\0007\000.\0001\000.\0001\000\040\000t\000e\000s\000t\000u\000o\000t\000i\000R\000u\000l\000e\000O\000f\000F\000i\000v\000e\000\050\000\051}{subsection.6.7.1}% 122
\BOOKMARK [1][-]{section.6.8}{\376\377\0006\000.\0008\000\040\000t\000e\000s\000t\000R\000u\000l\000e\000O\000f\0005\000.\000h}{chapter.6}% 123
\BOOKMARK [1][-]{section.6.9}{\376\377\0006\000.\0009\000\040\000i\000n\000c\000l\000u\000d\000e\000/\000v\000e\000r\000s\000i\000j\000o\000s\0001\000F\000u\000n\000k\000c\000.\000h\000\040\000F\000a\000i\000l\000o\000\040\000N\000u\000o\000r\000o\000d\000a}{chapter.6}% 124
\BOOKMARK [2][-]{subsection.6.9.1}{\376\377\0006\000.\0009\000.\0001\000\040\000F\000u\000n\000k\000c\000i\000j\000o\000s\000\040\000D\000o\000k\000u\000m\000e\000n\000t\000a\000c\000i\000j\000a}{section.6.9}% 125
\BOOKMARK [3][-]{subsubsection.6.9.1.1}{\376\377\0006\000.\0009\000.\0001\000.\0001\000\040\000g\000e\000n\000e\000r\000u\000o\000t\000i\000G\000a\000l\000m\000e\000d\000\050\000\051}{subsection.6.9.1}% 126
\BOOKMARK [3][-]{subsubsection.6.9.1.2}{\376\377\0006\000.\0009\000.\0001\000.\0002\000\040\000g\000e\000n\000e\000r\000u\000o\000t\000i\000G\000a\000l\000v\000i\000d\000\050\000\051}{subsection.6.9.1}% 127
\BOOKMARK [3][-]{subsubsection.6.9.1.3}{\376\377\0006\000.\0009\000.\0001\000.\0003\000\040\000g\000e\000n\000e\000r\000u\000o\000t\000i\000V\000a\000r\000d\000P\000a\000v\000\050\000\051}{subsection.6.9.1}% 128
\BOOKMARK [3][-]{subsubsection.6.9.1.4}{\376\377\0006\000.\0009\000.\0001\000.\0004\000\040\000n\000u\000s\000k\000a\000i\000t\000y\000m\000a\000s\000F\000i\000l\000e\000\050\000\051}{subsection.6.9.1}% 129
\BOOKMARK [3][-]{subsubsection.6.9.1.5}{\376\377\0006\000.\0009\000.\0001\000.\0005\000\040\000p\000a\000s\000i\000r\000i\000n\000k\000t\000a\000s\000G\000a\000l\000\050\000\051}{subsection.6.9.1}% 130
\BOOKMARK [3][-]{subsubsection.6.9.1.6}{\376\377\0006\000.\0009\000.\0001\000.\0006\000\040\000r\000a\000n\000d\000o\000m\000P\000a\000z\000\050\000\051}{subsection.6.9.1}% 131
\BOOKMARK [3][-]{subsubsection.6.9.1.7}{\376\377\0006\000.\0009\000.\0001\000.\0007\000\040\000r\000u\000s\000i\000u\000o\000t\000i\000S\000t\000u\000d\000\050\000\051}{subsection.6.9.1}% 132
\BOOKMARK [3][-]{subsubsection.6.9.1.8}{\376\377\0006\000.\0009\000.\0001\000.\0008\000\040\000s\000p\000a\000u\000s\000d\000i\000n\000t\000i\000R\000e\000z\000\050\000\051}{subsection.6.9.1}% 133
\BOOKMARK [3][-]{subsubsection.6.9.1.9}{\376\377\0006\000.\0009\000.\0001\000.\0009\000\040\000s\000p\000a\000u\000s\000d\000i\000n\000t\000i\000R\000e\000z\0002\000\050\000\051}{subsection.6.9.1}% 134
\BOOKMARK [2][-]{subsection.6.9.2}{\376\377\0006\000.\0009\000.\0002\000\040\000K\000i\000n\000t\000a\000m\000o\000j\000o\000\040\000D\000o\000k\000u\000m\000e\000n\000t\000a\000c\000i\000j\000a}{section.6.9}% 135
\BOOKMARK [3][-]{subsubsection.6.9.2.1}{\376\377\0006\000.\0009\000.\0002\000.\0001\000\040\000b\000u\000f\000f\000e\000r}{subsection.6.9.2}% 136
\BOOKMARK [1][-]{section.6.10}{\376\377\0006\000.\0001\0000\000\040\000v\000e\000r\000s\000i\000j\000o\000s\0001\000F\000u\000n\000k\000c\000.\000h}{chapter.6}% 137
\BOOKMARK [1][-]{section.6.11}{\376\377\0006\000.\0001\0001\000\040\000i\000n\000c\000l\000u\000d\000e\000/\000z\000m\000o\000g\000u\000s\000.\000h\000\040\000F\000a\000i\000l\000o\000\040\000N\000u\000o\000r\000o\000d\000a}{chapter.6}% 138
\BOOKMARK [1][-]{section.6.12}{\376\377\0006\000.\0001\0002\000\040\000z\000m\000o\000g\000u\000s\000.\000h}{chapter.6}% 139
\BOOKMARK [1][-]{section.6.13}{\376\377\0006\000.\0001\0003\000\040\000o\000b\000j\000e\000k\000t\000i\000n\000i\000s\000P\000r\000o\000g\000/\000R\000E\000A\000D\000M\000E\000.\000m\000d\000\040\000F\000a\000i\000l\000o\000\040\000N\000u\000o\000r\000o\000d\000a}{chapter.6}% 140
\BOOKMARK [1][-]{section.6.14}{\376\377\0006\000.\0001\0004\000\040\000R\000E\000A\000D\000M\000E\000.\000m\000d\000\040\000F\000a\000i\000l\000o\000\040\000N\000u\000o\000r\000o\000d\000a}{chapter.6}% 141
\BOOKMARK [1][-]{section.6.15}{\376\377\0006\000.\0001\0005\000\040\000S\000r\000c\000/\000L\000a\000i\000k\000o\000M\000a\000t\000a\000v\000i\000m\000a\000s\000.\000c\000p\000p\000\040\000F\000a\000i\000l\000o\000\040\000N\000u\000o\000r\000o\000d\000a}{chapter.6}% 142
\BOOKMARK [1][-]{section.6.16}{\376\377\0006\000.\0001\0006\000\040\000S\000r\000c\000/\000s\000t\000r\000a\000t\000e\000g\000i\000j\000a\0003\000.\000c\000p\000p\000\040\000F\000a\000i\000l\000o\000\040\000N\000u\000o\000r\000o\000d\000a}{chapter.6}% 143
\BOOKMARK [2][-]{subsection.6.16.1}{\376\377\0006\000.\0001\0006\000.\0001\000\040\000F\000u\000n\000k\000c\000i\000j\000o\000s\000\040\000D\000o\000k\000u\000m\000e\000n\000t\000a\000c\000i\000j\000a}{section.6.16}% 144
\BOOKMARK [3][-]{subsubsection.6.16.1.1}{\376\377\0006\000.\0001\0006\000.\0001\000.\0001\000\040\000i\000s\000s\000k\000i\000r\000t\000i\000V\000a\000r\000g\000s\000u\000s\000I\000r\000K\000i\000e\000t\000i\000a\000k\000u\000s\000O\000p\000t\000\050\000\051}{subsection.6.16.1}% 145
\BOOKMARK [3][-]{subsubsection.6.16.1.2}{\376\377\0006\000.\0001\0006\000.\0001\000.\0002\000\040\000s\000p\000a\000u\000s\000d\000i\000n\000t\000i\000K\000i\000e\000t\000i\000a\000k\000u\000s\000I\000r\000V\000a\000r\000g\000s\000i\000u\000s\000\050\000\051}{subsection.6.16.1}% 146
\BOOKMARK [3][-]{subsubsection.6.16.1.3}{\376\377\0006\000.\0001\0006\000.\0001\000.\0003\000\040\000t\000e\000s\000t\000u\000o\000t\000i\000S\000k\000a\000i\000d\000y\000m\000o\000S\000t\000r\000a\000t\000e\000g\000i\000j\000a\0003\000\050\000\051}{subsection.6.16.1}% 147
\BOOKMARK [1][-]{section.6.17}{\376\377\0006\000.\0001\0007\000\040\000S\000r\000c\000/\000s\000t\000u\000d\000e\000n\000t\000a\000s\000.\000c\000p\000p\000\040\000F\000a\000i\000l\000o\000\040\000N\000u\000o\000r\000o\000d\000a}{chapter.6}% 148
\BOOKMARK [2][-]{subsection.6.17.1}{\376\377\0006\000.\0001\0007\000.\0001\000\040\000F\000u\000n\000k\000c\000i\000j\000o\000s\000\040\000D\000o\000k\000u\000m\000e\000n\000t\000a\000c\000i\000j\000a}{section.6.17}% 149
\BOOKMARK [3][-]{subsubsection.6.17.1.1}{\376\377\0006\000.\0001\0007\000.\0001\000.\0001\000\040\000g\000e\000n\000e\000r\000u\000o\000t\000i\000G\000a\000l\000m\000e\000d\000\050\000\051}{subsection.6.17.1}% 150
\BOOKMARK [3][-]{subsubsection.6.17.1.2}{\376\377\0006\000.\0001\0007\000.\0001\000.\0002\000\040\000g\000e\000n\000e\000r\000u\000o\000t\000i\000G\000a\000l\000v\000i\000d\000\050\000\051}{subsection.6.17.1}% 151
\BOOKMARK [3][-]{subsubsection.6.17.1.3}{\376\377\0006\000.\0001\0007\000.\0001\000.\0003\000\040\000o\000p\000e\000r\000a\000t\000o\000r\000<\000<\000\050\000\051}{subsection.6.17.1}% 152
\BOOKMARK [3][-]{subsubsection.6.17.1.4}{\376\377\0006\000.\0001\0007\000.\0001\000.\0004\000\040\000o\000p\000e\000r\000a\000t\000o\000r\000>\000>\000\050\000\051}{subsection.6.17.1}% 153
\BOOKMARK [1][-]{section.6.18}{\376\377\0006\000.\0001\0008\000\040\000S\000r\000c\000/\000t\000e\000s\000t\000R\000u\000l\000e\000O\000f\0005\000.\000c\000p\000p\000\040\000F\000a\000i\000l\000o\000\040\000N\000u\000o\000r\000o\000d\000a}{chapter.6}% 154
\BOOKMARK [2][-]{subsection.6.18.1}{\376\377\0006\000.\0001\0008\000.\0001\000\040\000F\000u\000n\000k\000c\000i\000j\000o\000s\000\040\000D\000o\000k\000u\000m\000e\000n\000t\000a\000c\000i\000j\000a}{section.6.18}% 155
\BOOKMARK [3][-]{subsubsection.6.18.1.1}{\376\377\0006\000.\0001\0008\000.\0001\000.\0001\000\040\000t\000e\000s\000t\000u\000o\000t\000i\000R\000u\000l\000e\000O\000f\000F\000i\000v\000e\000\050\000\051}{subsection.6.18.1}% 156
\BOOKMARK [1][-]{section.6.19}{\376\377\0006\000.\0001\0009\000\040\000S\000r\000c\000/\000v\0001\000.\0002\000.\000c\000p\000p\000\040\000F\000a\000i\000l\000o\000\040\000N\000u\000o\000r\000o\000d\000a}{chapter.6}% 157
\BOOKMARK [2][-]{subsection.6.19.1}{\376\377\0006\000.\0001\0009\000.\0001\000\040\000F\000u\000n\000k\000c\000i\000j\000o\000s\000\040\000D\000o\000k\000u\000m\000e\000n\000t\000a\000c\000i\000j\000a}{section.6.19}% 158
\BOOKMARK [3][-]{subsubsection.6.19.1.1}{\376\377\0006\000.\0001\0009\000.\0001\000.\0001\000\040\000m\000a\000i\000n\000\050\000\051}{subsection.6.19.1}% 159
\BOOKMARK [3][-]{subsubsection.6.19.1.2}{\376\377\0006\000.\0001\0009\000.\0001\000.\0002\000\040\000m\000e\000n\000i\000u\000\050\000\051}{subsection.6.19.1}% 160
\BOOKMARK [3][-]{subsubsection.6.19.1.3}{\376\377\0006\000.\0001\0009\000.\0001\000.\0003\000\040\000p\000a\000s\000i\000r\000i\000n\000k\000t\000i\000F\000a\000i\000l\000a\000\050\000\051}{subsection.6.19.1}% 161
\BOOKMARK [3][-]{subsubsection.6.19.1.4}{\376\377\0006\000.\0001\0009\000.\0001\000.\0004\000\040\000v\000y\000k\000d\000y\000t\000i\000P\000r\000o\000g\000r\000a\000m\000a\000\050\000\051}{subsection.6.19.1}% 162
\BOOKMARK [1][-]{section.6.20}{\376\377\0006\000.\0002\0000\000\040\000S\000r\000c\000/\000v\000e\000r\000s\000i\000j\000o\000s\0001\000F\000u\000n\000k\000c\000.\000c\000p\000p\000\040\000F\000a\000i\000l\000o\000\040\000N\000u\000o\000r\000o\000d\000a}{chapter.6}% 163
\BOOKMARK [2][-]{subsection.6.20.1}{\376\377\0006\000.\0002\0000\000.\0001\000\040\000F\000u\000n\000k\000c\000i\000j\000o\000s\000\040\000D\000o\000k\000u\000m\000e\000n\000t\000a\000c\000i\000j\000a}{section.6.20}% 164
\BOOKMARK [3][-]{subsubsection.6.20.1.1}{\376\377\0006\000.\0002\0000\000.\0001\000.\0001\000\040\000g\000e\000n\000e\000r\000u\000o\000t\000i\000G\000a\000l\000m\000e\000d\000\050\000\051}{subsection.6.20.1}% 165
\BOOKMARK [3][-]{subsubsection.6.20.1.2}{\376\377\0006\000.\0002\0000\000.\0001\000.\0002\000\040\000g\000e\000n\000e\000r\000u\000o\000t\000i\000G\000a\000l\000v\000i\000d\000\050\000\051}{subsection.6.20.1}% 166
\BOOKMARK [3][-]{subsubsection.6.20.1.3}{\376\377\0006\000.\0002\0000\000.\0001\000.\0003\000\040\000g\000e\000n\000e\000r\000u\000o\000t\000i\000V\000a\000r\000d\000P\000a\000v\000\050\000\051}{subsection.6.20.1}% 167
\BOOKMARK [3][-]{subsubsection.6.20.1.4}{\376\377\0006\000.\0002\0000\000.\0001\000.\0004\000\040\000n\000u\000s\000k\000a\000i\000t\000y\000m\000a\000s\000F\000i\000l\000e\000\050\000\051}{subsection.6.20.1}% 168
\BOOKMARK [3][-]{subsubsection.6.20.1.5}{\376\377\0006\000.\0002\0000\000.\0001\000.\0005\000\040\000n\000u\000s\000k\000a\000i\000t\000y\000m\000a\000s\000F\000i\000l\000e\000<\000\040\000s\000t\000d\000:\000:\000d\000e\000q\000u\000e\000<\000\040\000s\000t\000u\000d\000e\000n\000t\000a\000s\000<\000\040\000s\000t\000d\000:\000:\000d\000e\000q\000u\000e\000<\000\040\000f\000l\000o\000a\000t\000\040\000>\000\040\000>\000\040\000>\000\040\000>\000\050\000\051}{subsection.6.20.1}% 169
\BOOKMARK [3][-]{subsubsection.6.20.1.6}{\376\377\0006\000.\0002\0000\000.\0001\000.\0006\000\040\000n\000u\000s\000k\000a\000i\000t\000y\000m\000a\000s\000F\000i\000l\000e\000<\000\040\000s\000t\000d\000:\000:\000l\000i\000s\000t\000<\000\040\000s\000t\000u\000d\000e\000n\000t\000a\000s\000<\000\040\000s\000t\000d\000:\000:\000l\000i\000s\000t\000<\000\040\000f\000l\000o\000a\000t\000\040\000>\000\040\000>\000\040\000>\000\040\000>\000\050\000\051}{subsection.6.20.1}% 170
\BOOKMARK [3][-]{subsubsection.6.20.1.7}{\376\377\0006\000.\0002\0000\000.\0001\000.\0007\000\040\000n\000u\000s\000k\000a\000i\000t\000y\000m\000a\000s\000F\000i\000l\000e\000<\000\040\000s\000t\000d\000:\000:\000v\000e\000c\000t\000o\000r\000<\000\040\000s\000t\000u\000d\000e\000n\000t\000a\000s\000<\000\040\000s\000t\000d\000:\000:\000v\000e\000c\000t\000o\000r\000<\000\040\000f\000l\000o\000a\000t\000\040\000>\000\040\000>\000\040\000>\000\040\000>\000\050\000\051}{subsection.6.20.1}% 171
\BOOKMARK [3][-]{subsubsection.6.20.1.8}{\376\377\0006\000.\0002\0000\000.\0001\000.\0008\000\040\000p\000a\000s\000i\000r\000i\000n\000k\000t\000a\000s\000G\000a\000l\000\050\000\051}{subsection.6.20.1}% 172
\BOOKMARK [3][-]{subsubsection.6.20.1.9}{\376\377\0006\000.\0002\0000\000.\0001\000.\0009\000\040\000p\000a\000s\000i\000r\000i\000n\000k\000t\000a\000s\000G\000a\000l\000<\000\040\000s\000t\000d\000:\000:\000d\000e\000q\000u\000e\000<\000\040\000f\000l\000o\000a\000t\000\040\000>\000\040\000>\000\050\000\051}{subsection.6.20.1}% 173
\BOOKMARK [3][-]{subsubsection.6.20.1.10}{\376\377\0006\000.\0002\0000\000.\0001\000.\0001\0000\000\040\000p\000a\000s\000i\000r\000i\000n\000k\000t\000a\000s\000G\000a\000l\000<\000\040\000s\000t\000d\000:\000:\000l\000i\000s\000t\000<\000\040\000f\000l\000o\000a\000t\000\040\000>\000\040\000>\000\050\000\051}{subsection.6.20.1}% 174
\BOOKMARK [3][-]{subsubsection.6.20.1.11}{\376\377\0006\000.\0002\0000\000.\0001\000.\0001\0001\000\040\000p\000a\000s\000i\000r\000i\000n\000k\000t\000a\000s\000G\000a\000l\000<\000\040\000s\000t\000d\000:\000:\000v\000e\000c\000t\000o\000r\000<\000\040\000f\000l\000o\000a\000t\000\040\000>\000\040\000>\000\050\000\051}{subsection.6.20.1}% 175
\BOOKMARK [3][-]{subsubsection.6.20.1.12}{\376\377\0006\000.\0002\0000\000.\0001\000.\0001\0002\000\040\000r\000a\000n\000d\000o\000m\000P\000a\000z\000\050\000\051}{subsection.6.20.1}% 176
\BOOKMARK [3][-]{subsubsection.6.20.1.13}{\376\377\0006\000.\0002\0000\000.\0001\000.\0001\0003\000\040\000r\000a\000n\000d\000o\000m\000P\000a\000z\000<\000\040\000s\000t\000d\000:\000:\000d\000e\000q\000u\000e\000<\000\040\000f\000l\000o\000a\000t\000\040\000>\000\040\000>\000\050\000\051}{subsection.6.20.1}% 177
\BOOKMARK [3][-]{subsubsection.6.20.1.14}{\376\377\0006\000.\0002\0000\000.\0001\000.\0001\0004\000\040\000r\000a\000n\000d\000o\000m\000P\000a\000z\000<\000\040\000s\000t\000d\000:\000:\000l\000i\000s\000t\000<\000\040\000f\000l\000o\000a\000t\000\040\000>\000\040\000>\000\050\000\051}{subsection.6.20.1}% 178
\BOOKMARK [3][-]{subsubsection.6.20.1.15}{\376\377\0006\000.\0002\0000\000.\0001\000.\0001\0005\000\040\000r\000a\000n\000d\000o\000m\000P\000a\000z\000<\000\040\000s\000t\000d\000:\000:\000v\000e\000c\000t\000o\000r\000<\000\040\000f\000l\000o\000a\000t\000\040\000>\000\040\000>\000\050\000\051}{subsection.6.20.1}% 179
\BOOKMARK [3][-]{subsubsection.6.20.1.16}{\376\377\0006\000.\0002\0000\000.\0001\000.\0001\0006\000\040\000r\000u\000s\000i\000u\000o\000t\000i\000S\000t\000u\000d\000\050\000\051}{subsection.6.20.1}% 180
\BOOKMARK [3][-]{subsubsection.6.20.1.17}{\376\377\0006\000.\0002\0000\000.\0001\000.\0001\0007\000\040\000r\000u\000s\000i\000u\000o\000t\000i\000S\000t\000u\000d\000<\000\040\000s\000t\000d\000:\000:\000d\000e\000q\000u\000e\000<\000\040\000s\000t\000u\000d\000e\000n\000t\000a\000s\000<\000\040\000s\000t\000d\000:\000:\000d\000e\000q\000u\000e\000<\000\040\000f\000l\000o\000a\000t\000\040\000>\000\040\000>\000\040\000>\000\040\000>\000\050\000\051}{subsection.6.20.1}% 181
\BOOKMARK [3][-]{subsubsection.6.20.1.18}{\376\377\0006\000.\0002\0000\000.\0001\000.\0001\0008\000\040\000r\000u\000s\000i\000u\000o\000t\000i\000S\000t\000u\000d\000<\000\040\000s\000t\000d\000:\000:\000l\000i\000s\000t\000<\000\040\000s\000t\000u\000d\000e\000n\000t\000a\000s\000<\000\040\000s\000t\000d\000:\000:\000l\000i\000s\000t\000<\000\040\000f\000l\000o\000a\000t\000\040\000>\000\040\000>\000\040\000>\000\040\000>\000\050\000\051}{subsection.6.20.1}% 182
\BOOKMARK [3][-]{subsubsection.6.20.1.19}{\376\377\0006\000.\0002\0000\000.\0001\000.\0001\0009\000\040\000r\000u\000s\000i\000u\000o\000t\000i\000S\000t\000u\000d\000<\000\040\000s\000t\000d\000:\000:\000v\000e\000c\000t\000o\000r\000<\000\040\000s\000t\000u\000d\000e\000n\000t\000a\000s\000<\000\040\000s\000t\000d\000:\000:\000v\000e\000c\000t\000o\000r\000<\000\040\000f\000l\000o\000a\000t\000\040\000>\000\040\000>\000\040\000>\000\040\000>\000\050\000\051}{subsection.6.20.1}% 183
\BOOKMARK [3][-]{subsubsection.6.20.1.20}{\376\377\0006\000.\0002\0000\000.\0001\000.\0002\0000\000\040\000s\000p\000a\000u\000s\000d\000i\000n\000t\000i\000R\000e\000z\000\050\000\051}{subsection.6.20.1}% 184
\BOOKMARK [3][-]{subsubsection.6.20.1.21}{\376\377\0006\000.\0002\0000\000.\0001\000.\0002\0001\000\040\000s\000p\000a\000u\000s\000d\000i\000n\000t\000i\000R\000e\000z\0002\000\050\000\051}{subsection.6.20.1}% 185
\BOOKMARK [3][-]{subsubsection.6.20.1.22}{\376\377\0006\000.\0002\0000\000.\0001\000.\0002\0002\000\040\000s\000p\000a\000u\000s\000d\000i\000n\000t\000i\000R\000e\000z\000<\000\040\000s\000t\000d\000:\000:\000d\000e\000q\000u\000e\000<\000\040\000s\000t\000u\000d\000e\000n\000t\000a\000s\000<\000\040\000s\000t\000d\000:\000:\000d\000e\000q\000u\000e\000<\000\040\000f\000l\000o\000a\000t\000\040\000>\000\040\000>\000\040\000>\000\040\000>\000\050\000\051}{subsection.6.20.1}% 186
\BOOKMARK [3][-]{subsubsection.6.20.1.23}{\376\377\0006\000.\0002\0000\000.\0001\000.\0002\0003\000\040\000s\000p\000a\000u\000s\000d\000i\000n\000t\000i\000R\000e\000z\000<\000\040\000s\000t\000d\000:\000:\000l\000i\000s\000t\000<\000\040\000s\000t\000u\000d\000e\000n\000t\000a\000s\000<\000\040\000s\000t\000d\000:\000:\000l\000i\000s\000t\000<\000\040\000f\000l\000o\000a\000t\000\040\000>\000\040\000>\000\040\000>\000\040\000>\000\050\000\051}{subsection.6.20.1}% 187
\BOOKMARK [3][-]{subsubsection.6.20.1.24}{\376\377\0006\000.\0002\0000\000.\0001\000.\0002\0004\000\040\000s\000p\000a\000u\000s\000d\000i\000n\000t\000i\000R\000e\000z\000<\000\040\000s\000t\000d\000:\000:\000v\000e\000c\000t\000o\000r\000<\000\040\000s\000t\000u\000d\000e\000n\000t\000a\000s\000<\000\040\000s\000t\000d\000:\000:\000v\000e\000c\000t\000o\000r\000<\000\040\000f\000l\000o\000a\000t\000\040\000>\000\040\000>\000\040\000>\000\040\000>\000\050\000\051}{subsection.6.20.1}% 188
\BOOKMARK [0][-]{section*.30}{\376\377\000R\000o\000d\000y\000k\000l\001\027}{}% 189
